e:\vs-worksplace\experimentimg\experimentimg\x64\debug\experimentimg.pch
e:\vs-worksplace\experimentimg\experimentimg\x64\debug\vc141.pdb
e:\vs-worksplace\experimentimg\experimentimg\x64\debug\vc141.idb
e:\vs-worksplace\experimentimg\experimentimg\x64\debug\stdafx.obj
e:\vs-worksplace\experimentimg\experimentimg\x64\debug\imageprocess.obj
e:\vs-worksplace\experimentimg\experimentimg\x64\debug\experimentimgdlg.obj
e:\vs-worksplace\experimentimg\experimentimg\x64\debug\experimentimg.obj
x64\debug\fouriertrans.cu.obj
x64\debug\medianfilter.cu.obj
x64\debug\resize.cu.obj
x64\debug\rotate.cu.obj
e:\vs-worksplace\experimentimg\x64\debug\experimentimg.ilk
e:\vs-worksplace\experimentimg\x64\debug\experimentimg.exe
e:\vs-worksplace\experimentimg\x64\debug\experimentimg.pdb
e:\vs-worksplace\experimentimg\experimentimg\x64\debug\experimentimg.res
e:\vs-worksplace\experimentimg\experimentimg\x64\debug\fouriertrans.cu.cache
e:\vs-worksplace\experimentimg\experimentimg\x64\debug\medianfilter.cu.cache
e:\vs-worksplace\experimentimg\experimentimg\x64\debug\resize.cu.cache
e:\vs-worksplace\experimentimg\experimentimg\x64\debug\rotate.cu.cache
e:\vs-worksplace\experimentimg\experimentimg\x64\debug\fouriertrans.cu.obj
e:\vs-worksplace\experimentimg\experimentimg\x64\debug\medianfilter.cu.obj
e:\vs-worksplace\experimentimg\experimentimg\x64\debug\resize.cu.obj
e:\vs-worksplace\experimentimg\experimentimg\x64\debug\rotate.cu.obj
e:\vs-worksplace\experimentimg\experimentimg\x64\debug\experimentimg.tlog\cl.command.1.tlog
e:\vs-worksplace\experimentimg\experimentimg\x64\debug\experimentimg.tlog\cl.read.1.tlog
e:\vs-worksplace\experimentimg\experimentimg\x64\debug\experimentimg.tlog\cl.write.1.tlog
e:\vs-worksplace\experimentimg\experimentimg\x64\debug\experimentimg.tlog\cudacompile.read.1u.tlog
e:\vs-worksplace\experimentimg\experimentimg\x64\debug\experimentimg.tlog\cudacompile.write.1u.tlog
e:\vs-worksplace\experimentimg\experimentimg\x64\debug\experimentimg.tlog\link.command.1.tlog
e:\vs-worksplace\experimentimg\experimentimg\x64\debug\experimentimg.tlog\link.read.1.tlog
e:\vs-worksplace\experimentimg\experimentimg\x64\debug\experimentimg.tlog\link.write.1.tlog
e:\vs-worksplace\experimentimg\experimentimg\x64\debug\experimentimg.tlog\rc.command.1.tlog
e:\vs-worksplace\experimentimg\experimentimg\x64\debug\experimentimg.tlog\rc.read.1.tlog
e:\vs-worksplace\experimentimg\experimentimg\x64\debug\experimentimg.tlog\rc.write.1.tlog
