  Compiling CUDA source file fourierTrans.cu...
  Compiling CUDA source file medianFilter.cu...
  Compiling CUDA source file resize.cu...
  Compiling CUDA source file rotate.cu...
  
  E:\vs-worksplace\ExperimentImg\ExperimentImg>"C:\Program Files\NVIDIA GPU Computing Toolkit\CUDA\v10.2\bin\nvcc.exe" -gencode=arch=compute_30,code=\"sm_30,compute_30\" --use-local-env -ccbin "D:\Program Files (x86)\Microsoft Visual Studio\2017\Community\VC\Tools\MSVC\14.16.27023\bin\HostX86\x64" -x cu  -I"C:\ProgramData\NVIDIA Corporation\CUDA Samples\v10.2\common\inc" -I"C:\Program Files\NVIDIA GPU Computing Toolkit\CUDA\v10.2\include" -I"C:\Program Files\NVIDIA GPU Computing Toolkit\CUDA\v10.2\include"  -G   --keep-dir x64\Debug -maxrregcount=0  --machine 64 --compile -cudart static  -g   -D_WINDOWS -D_DEBUG -D_UNICODE -DUNICODE -D_AFXDLL -Xcompiler "/EHsc /W3 /nologo /Od /Fdx64\Debug\vc141.pdb /FS /Zi /RTC1 /MDd " -o x64\Debug\fourierTrans.cu.obj "E:\vs-worksplace\ExperimentImg\ExperimentImg\fourierTrans.cu" 
  
  E:\vs-worksplace\ExperimentImg\ExperimentImg>"C:\Program Files\NVIDIA GPU Computing Toolkit\CUDA\v10.2\bin\nvcc.exe" -gencode=arch=compute_30,code=\"sm_30,compute_30\" --use-local-env -ccbin "D:\Program Files (x86)\Microsoft Visual Studio\2017\Community\VC\Tools\MSVC\14.16.27023\bin\HostX86\x64" -x cu  -I"C:\ProgramData\NVIDIA Corporation\CUDA Samples\v10.2\common\inc" -I"C:\Program Files\NVIDIA GPU Computing Toolkit\CUDA\v10.2\include" -I"C:\Program Files\NVIDIA GPU Computing Toolkit\CUDA\v10.2\include"  -G   --keep-dir x64\Debug -maxrregcount=0  --machine 64 --compile -cudart static  -g   -D_WINDOWS -D_DEBUG -D_UNICODE -DUNICODE -D_AFXDLL -Xcompiler "/EHsc /W3 /nologo /Od /Fdx64\Debug\vc141.pdb /FS /Zi /RTC1 /MDd " -o x64\Debug\medianFilter.cu.obj "E:\vs-worksplace\ExperimentImg\ExperimentImg\medianFilter.cu" 
  
  E:\vs-worksplace\ExperimentImg\ExperimentImg>"C:\Program Files\NVIDIA GPU Computing Toolkit\CUDA\v10.2\bin\nvcc.exe" -gencode=arch=compute_30,code=\"sm_30,compute_30\" --use-local-env -ccbin "D:\Program Files (x86)\Microsoft Visual Studio\2017\Community\VC\Tools\MSVC\14.16.27023\bin\HostX86\x64" -x cu  -I"C:\ProgramData\NVIDIA Corporation\CUDA Samples\v10.2\common\inc" -I"C:\Program Files\NVIDIA GPU Computing Toolkit\CUDA\v10.2\include" -I"C:\Program Files\NVIDIA GPU Computing Toolkit\CUDA\v10.2\include"  -G   --keep-dir x64\Debug -maxrregcount=0  --machine 64 --compile -cudart static  -g   -D_WINDOWS -D_DEBUG -D_UNICODE -DUNICODE -D_AFXDLL -Xcompiler "/EHsc /W3 /nologo /Od /Fdx64\Debug\vc141.pdb /FS /Zi /RTC1 /MDd " -o x64\Debug\resize.cu.obj "E:\vs-worksplace\ExperimentImg\ExperimentImg\resize.cu" 
  
  E:\vs-worksplace\ExperimentImg\ExperimentImg>"C:\Program Files\NVIDIA GPU Computing Toolkit\CUDA\v10.2\bin\nvcc.exe" -gencode=arch=compute_30,code=\"sm_30,compute_30\" --use-local-env -ccbin "D:\Program Files (x86)\Microsoft Visual Studio\2017\Community\VC\Tools\MSVC\14.16.27023\bin\HostX86\x64" -x cu  -I"C:\ProgramData\NVIDIA Corporation\CUDA Samples\v10.2\common\inc" -I"C:\Program Files\NVIDIA GPU Computing Toolkit\CUDA\v10.2\include" -I"C:\Program Files\NVIDIA GPU Computing Toolkit\CUDA\v10.2\include"  -G   --keep-dir x64\Debug -maxrregcount=0  --machine 64 --compile -cudart static  -g   -D_WINDOWS -D_DEBUG -D_UNICODE -DUNICODE -D_AFXDLL -Xcompiler "/EHsc /W3 /nologo /Od /Fdx64\Debug\vc141.pdb /FS /Zi /RTC1 /MDd " -o x64\Debug\rotate.cu.obj "E:\vs-worksplace\ExperimentImg\ExperimentImg\rotate.cu" 
c:\program files\nvidia gpu computing toolkit\cuda\v10.2\include\cuda_runtime_api.h(9348): warning C4819: 该文件包含不能在当前代码页(936)中表示的字符。请将该文件保存为 Unicode 格式以防止数据丢失
c:\program files\nvidia gpu computing toolkit\cuda\v10.2\include\cuda_runtime_api.h(9348): warning C4819: 该文件包含不能在当前代码页(936)中表示的字符。请将该文件保存为 Unicode 格式以防止数据丢失
c:\program files\nvidia gpu computing toolkit\cuda\v10.2\include\cuda_runtime_api.h(9348): warning C4819: 该文件包含不能在当前代码页(936)中表示的字符。请将该文件保存为 Unicode 格式以防止数据丢失
c:\program files\nvidia gpu computing toolkit\cuda\v10.2\include\cuda_runtime_api.h(9348): warning C4819: 该文件包含不能在当前代码页(936)中表示的字符。请将该文件保存为 Unicode 格式以防止数据丢失
c:\program files\nvidia gpu computing toolkit\cuda\v10.2\include\cuda_runtime_api.h(9348): warning C4819: 该文件包含不能在当前代码页(936)中表示的字符。请将该文件保存为 Unicode 格式以防止数据丢失
c:\program files\nvidia gpu computing toolkit\cuda\v10.2\include\cuda_runtime_api.h(9348): warning C4819: 该文件包含不能在当前代码页(936)中表示的字符。请将该文件保存为 Unicode 格式以防止数据丢失
c:\program files\nvidia gpu computing toolkit\cuda\v10.2\include\cuda_runtime_api.h(9348): warning C4819: 该文件包含不能在当前代码页(936)中表示的字符。请将该文件保存为 Unicode 格式以防止数据丢失
c:\program files\nvidia gpu computing toolkit\cuda\v10.2\include\cuda_runtime_api.h(9348): warning C4819: 该文件包含不能在当前代码页(936)中表示的字符。请将该文件保存为 Unicode 格式以防止数据丢失
c:\program files\nvidia gpu computing toolkit\cuda\v10.2\include\cuda_runtime_api.h(9348): warning C4819: 该文件包含不能在当前代码页(936)中表示的字符。请将该文件保存为 Unicode 格式以防止数据丢失
c:\program files\nvidia gpu computing toolkit\cuda\v10.2\include\cuda_runtime_api.h(9348): warning C4819: 该文件包含不能在当前代码页(936)中表示的字符。请将该文件保存为 Unicode 格式以防止数据丢失
c:\program files\nvidia gpu computing toolkit\cuda\v10.2\include\cuda_runtime_api.h(9348): warning C4819: 该文件包含不能在当前代码页(936)中表示的字符。请将该文件保存为 Unicode 格式以防止数据丢失
c:\program files\nvidia gpu computing toolkit\cuda\v10.2\include\cuda_runtime_api.h(9348): warning C4819: 该文件包含不能在当前代码页(936)中表示的字符。请将该文件保存为 Unicode 格式以防止数据丢失
c:\program files\nvidia gpu computing toolkit\cuda\v10.2\include\sm_20_intrinsics.h : warning C4819: 该文件包含不能在当前代码页(936)中表示的字符。请将该文件保存为 Unicode 格式以防止数据丢失
c:\program files\nvidia gpu computing toolkit\cuda\v10.2\include\cuda_runtime_api.h(9348): warning C4819: 该文件包含不能在当前代码页(936)中表示的字符。请将该文件保存为 Unicode 格式以防止数据丢失
c:\program files\nvidia gpu computing toolkit\cuda\v10.2\include\sm_20_intrinsics.h(925): warning C4819: 该文件包含不能在当前代码页(936)中表示的字符。请将该文件保存为 Unicode 格式以防止数据丢失
c:\program files\nvidia gpu computing toolkit\cuda\v10.2\include\cuda_runtime_api.h(9348): warning C4819: 该文件包含不能在当前代码页(936)中表示的字符。请将该文件保存为 Unicode 格式以防止数据丢失
c:\program files\nvidia gpu computing toolkit\cuda\v10.2\include\cuda_runtime_api.h(9348): warning C4819: 该文件包含不能在当前代码页(936)中表示的字符。请将该文件保存为 Unicode 格式以防止数据丢失
c:\program files\nvidia gpu computing toolkit\cuda\v10.2\include\cuda_runtime_api.h(9348): warning C4819: 该文件包含不能在当前代码页(936)中表示的字符。请将该文件保存为 Unicode 格式以防止数据丢失
c:\program files\nvidia gpu computing toolkit\cuda\v10.2\include\cuda_runtime_api.h(9348): warning C4819: 该文件包含不能在当前代码页(936)中表示的字符。请将该文件保存为 Unicode 格式以防止数据丢失
c:\program files\nvidia gpu computing toolkit\cuda\v10.2\include\cuda_runtime_api.h(9348): warning C4819: 该文件包含不能在当前代码页(936)中表示的字符。请将该文件保存为 Unicode 格式以防止数据丢失
c:\program files\nvidia gpu computing toolkit\cuda\v10.2\include\cuda_runtime_api.h(9348): warning C4819: 该文件包含不能在当前代码页(936)中表示的字符。请将该文件保存为 Unicode 格式以防止数据丢失
c:\program files\nvidia gpu computing toolkit\cuda\v10.2\include\cuda_runtime_api.h(9348): warning C4819: 该文件包含不能在当前代码页(936)中表示的字符。请将该文件保存为 Unicode 格式以防止数据丢失
c:\program files\nvidia gpu computing toolkit\cuda\v10.2\include\cuda_runtime_api.h(9348): warning C4819: 该文件包含不能在当前代码页(936)中表示的字符。请将该文件保存为 Unicode 格式以防止数据丢失
c:\program files\nvidia gpu computing toolkit\cuda\v10.2\include\cuda_runtime_api.h(9348): warning C4819: 该文件包含不能在当前代码页(936)中表示的字符。请将该文件保存为 Unicode 格式以防止数据丢失
c:\program files\nvidia gpu computing toolkit\cuda\v10.2\include\cuda_runtime_api.h(9348): warning C4819: 该文件包含不能在当前代码页(936)中表示的字符。请将该文件保存为 Unicode 格式以防止数据丢失
c:\program files\nvidia gpu computing toolkit\cuda\v10.2\include\cuda_runtime_api.h(9348): warning C4819: 该文件包含不能在当前代码页(936)中表示的字符。请将该文件保存为 Unicode 格式以防止数据丢失
c:\program files\nvidia gpu computing toolkit\cuda\v10.2\include\cuda_runtime_api.h(9348): warning C4819: 该文件包含不能在当前代码页(936)中表示的字符。请将该文件保存为 Unicode 格式以防止数据丢失
c:\program files\nvidia gpu computing toolkit\cuda\v10.2\include\cuda_runtime_api.h(9348): warning C4819: 该文件包含不能在当前代码页(936)中表示的字符。请将该文件保存为 Unicode 格式以防止数据丢失
c:\program files\nvidia gpu computing toolkit\cuda\v10.2\include\cuda_runtime_api.h(9348): warning C4819: 该文件包含不能在当前代码页(936)中表示的字符。请将该文件保存为 Unicode 格式以防止数据丢失
c:\program files\nvidia gpu computing toolkit\cuda\v10.2\include\cuda_runtime_api.h(9348): warning C4819: 该文件包含不能在当前代码页(936)中表示的字符。请将该文件保存为 Unicode 格式以防止数据丢失
c:\program files\nvidia gpu computing toolkit\cuda\v10.2\include\cuda_runtime_api.h(9348): warning C4819: 该文件包含不能在当前代码页(936)中表示的字符。请将该文件保存为 Unicode 格式以防止数据丢失
c:\program files\nvidia gpu computing toolkit\cuda\v10.2\include\cuda_runtime_api.h(9348): warning C4819: 该文件包含不能在当前代码页(936)中表示的字符。请将该文件保存为 Unicode 格式以防止数据丢失
c:\program files\nvidia gpu computing toolkit\cuda\v10.2\include\cuda_runtime_api.h(9348): warning C4819: 该文件包含不能在当前代码页(936)中表示的字符。请将该文件保存为 Unicode 格式以防止数据丢失
c:\program files\nvidia gpu computing toolkit\cuda\v10.2\include\cuda_runtime_api.h(9348): warning C4819: 该文件包含不能在当前代码页(936)中表示的字符。请将该文件保存为 Unicode 格式以防止数据丢失
c:\program files\nvidia gpu computing toolkit\cuda\v10.2\include\sm_20_intrinsics.h : warning C4819: 该文件包含不能在当前代码页(936)中表示的字符。请将该文件保存为 Unicode 格式以防止数据丢失
c:\program files\nvidia gpu computing toolkit\cuda\v10.2\include\cuda_runtime_api.h(9348): warning C4819: 该文件包含不能在当前代码页(936)中表示的字符。请将该文件保存为 Unicode 格式以防止数据丢失
c:\program files\nvidia gpu computing toolkit\cuda\v10.2\include\sm_20_intrinsics.h(925): warning C4819: 该文件包含不能在当前代码页(936)中表示的字符。请将该文件保存为 Unicode 格式以防止数据丢失
c:\program files\nvidia gpu computing toolkit\cuda\v10.2\include\cuda_runtime_api.h(9348): warning C4819: 该文件包含不能在当前代码页(936)中表示的字符。请将该文件保存为 Unicode 格式以防止数据丢失
c:\program files\nvidia gpu computing toolkit\cuda\v10.2\include\cuda_runtime_api.h(9348): warning C4819: 该文件包含不能在当前代码页(936)中表示的字符。请将该文件保存为 Unicode 格式以防止数据丢失
c:\program files\nvidia gpu computing toolkit\cuda\v10.2\include\cuda_runtime_api.h(9348): warning C4819: 该文件包含不能在当前代码页(936)中表示的字符。请将该文件保存为 Unicode 格式以防止数据丢失
c:\program files\nvidia gpu computing toolkit\cuda\v10.2\include\cuda_runtime_api.h(9348): warning C4819: 该文件包含不能在当前代码页(936)中表示的字符。请将该文件保存为 Unicode 格式以防止数据丢失
c:\program files\nvidia gpu computing toolkit\cuda\v10.2\include\cuda_runtime_api.h(9348): warning C4819: 该文件包含不能在当前代码页(936)中表示的字符。请将该文件保存为 Unicode 格式以防止数据丢失
c:\program files\nvidia gpu computing toolkit\cuda\v10.2\include\cuda_runtime_api.h(9348): warning C4819: 该文件包含不能在当前代码页(936)中表示的字符。请将该文件保存为 Unicode 格式以防止数据丢失
c:\program files\nvidia gpu computing toolkit\cuda\v10.2\include\cuda_runtime_api.h(9348): warning C4819: 该文件包含不能在当前代码页(936)中表示的字符。请将该文件保存为 Unicode 格式以防止数据丢失
c:\program files\nvidia gpu computing toolkit\cuda\v10.2\include\cuda_runtime_api.h(9348): warning C4819: 该文件包含不能在当前代码页(936)中表示的字符。请将该文件保存为 Unicode 格式以防止数据丢失
c:\program files\nvidia gpu computing toolkit\cuda\v10.2\include\cuda_runtime_api.h(9348): warning C4819: 该文件包含不能在当前代码页(936)中表示的字符。请将该文件保存为 Unicode 格式以防止数据丢失
c:\program files\nvidia gpu computing toolkit\cuda\v10.2\include\cuda_runtime_api.h(9348): warning C4819: 该文件包含不能在当前代码页(936)中表示的字符。请将该文件保存为 Unicode 格式以防止数据丢失
c:\program files\nvidia gpu computing toolkit\cuda\v10.2\include\cuda_runtime_api.h(9348): warning C4819: 该文件包含不能在当前代码页(936)中表示的字符。请将该文件保存为 Unicode 格式以防止数据丢失
c:\program files\nvidia gpu computing toolkit\cuda\v10.2\include\cuda_runtime_api.h(9348): warning C4819: 该文件包含不能在当前代码页(936)中表示的字符。请将该文件保存为 Unicode 格式以防止数据丢失
c:\program files\nvidia gpu computing toolkit\cuda\v10.2\include\cuda_runtime_api.h(9348): warning C4819: 该文件包含不能在当前代码页(936)中表示的字符。请将该文件保存为 Unicode 格式以防止数据丢失
c:\program files\nvidia gpu computing toolkit\cuda\v10.2\include\cuda_runtime_api.h(9348): warning C4819: 该文件包含不能在当前代码页(936)中表示的字符。请将该文件保存为 Unicode 格式以防止数据丢失
c:\program files\nvidia gpu computing toolkit\cuda\v10.2\include\cuda_runtime_api.h(9348): warning C4819: 该文件包含不能在当前代码页(936)中表示的字符。请将该文件保存为 Unicode 格式以防止数据丢失
c:\program files\nvidia gpu computing toolkit\cuda\v10.2\include\cuda_runtime_api.h(9348): warning C4819: 该文件包含不能在当前代码页(936)中表示的字符。请将该文件保存为 Unicode 格式以防止数据丢失
c:\program files\nvidia gpu computing toolkit\cuda\v10.2\include\cuda_runtime_api.h(9348): warning C4819: 该文件包含不能在当前代码页(936)中表示的字符。请将该文件保存为 Unicode 格式以防止数据丢失
c:\program files\nvidia gpu computing toolkit\cuda\v10.2\include\cuda_runtime_api.h(9348): warning C4819: 该文件包含不能在当前代码页(936)中表示的字符。请将该文件保存为 Unicode 格式以防止数据丢失
c:\program files\nvidia gpu computing toolkit\cuda\v10.2\include\cuda_runtime_api.h(9348): warning C4819: 该文件包含不能在当前代码页(936)中表示的字符。请将该文件保存为 Unicode 格式以防止数据丢失
c:\program files\nvidia gpu computing toolkit\cuda\v10.2\include\sm_20_intrinsics.h : warning C4819: 该文件包含不能在当前代码页(936)中表示的字符。请将该文件保存为 Unicode 格式以防止数据丢失
c:\program files\nvidia gpu computing toolkit\cuda\v10.2\include\cuda_runtime_api.h(9348): warning C4819: 该文件包含不能在当前代码页(936)中表示的字符。请将该文件保存为 Unicode 格式以防止数据丢失
c:\program files\nvidia gpu computing toolkit\cuda\v10.2\include\sm_20_intrinsics.h(925): warning C4819: 该文件包含不能在当前代码页(936)中表示的字符。请将该文件保存为 Unicode 格式以防止数据丢失
c:\program files\nvidia gpu computing toolkit\cuda\v10.2\include\cuda_runtime_api.h(9348): warning C4819: 该文件包含不能在当前代码页(936)中表示的字符。请将该文件保存为 Unicode 格式以防止数据丢失
c:\program files\nvidia gpu computing toolkit\cuda\v10.2\include\cuda_runtime_api.h(9348): warning C4819: 该文件包含不能在当前代码页(936)中表示的字符。请将该文件保存为 Unicode 格式以防止数据丢失
c:\program files\nvidia gpu computing toolkit\cuda\v10.2\include\cuda_runtime_api.h(9348): warning C4819: 该文件包含不能在当前代码页(936)中表示的字符。请将该文件保存为 Unicode 格式以防止数据丢失
c:\program files\nvidia gpu computing toolkit\cuda\v10.2\include\cuda_runtime_api.h(9348): warning C4819: 该文件包含不能在当前代码页(936)中表示的字符。请将该文件保存为 Unicode 格式以防止数据丢失
c:\program files\nvidia gpu computing toolkit\cuda\v10.2\include\cuda_runtime_api.h(9348): warning C4819: 该文件包含不能在当前代码页(936)中表示的字符。请将该文件保存为 Unicode 格式以防止数据丢失
c:\program files\nvidia gpu computing toolkit\cuda\v10.2\include\cuda_runtime_api.h(9348): warning C4819: 该文件包含不能在当前代码页(936)中表示的字符。请将该文件保存为 Unicode 格式以防止数据丢失
c:\program files\nvidia gpu computing toolkit\cuda\v10.2\include\cuda_runtime_api.h(9348): warning C4819: 该文件包含不能在当前代码页(936)中表示的字符。请将该文件保存为 Unicode 格式以防止数据丢失
c:\program files\nvidia gpu computing toolkit\cuda\v10.2\include\cuda_runtime_api.h(9348): warning C4819: 该文件包含不能在当前代码页(936)中表示的字符。请将该文件保存为 Unicode 格式以防止数据丢失
c:\program files\nvidia gpu computing toolkit\cuda\v10.2\include\cuda_runtime_api.h(9348): warning C4819: 该文件包含不能在当前代码页(936)中表示的字符。请将该文件保存为 Unicode 格式以防止数据丢失
c:\program files\nvidia gpu computing toolkit\cuda\v10.2\include\cuda_runtime_api.h(9348): warning C4819: 该文件包含不能在当前代码页(936)中表示的字符。请将该文件保存为 Unicode 格式以防止数据丢失
c:\program files\nvidia gpu computing toolkit\cuda\v10.2\include\cuda_runtime_api.h(9348): warning C4819: 该文件包含不能在当前代码页(936)中表示的字符。请将该文件保存为 Unicode 格式以防止数据丢失
c:\program files\nvidia gpu computing toolkit\cuda\v10.2\include\cuda_runtime_api.h(9348): warning C4819: 该文件包含不能在当前代码页(936)中表示的字符。请将该文件保存为 Unicode 格式以防止数据丢失
c:\program files\nvidia gpu computing toolkit\cuda\v10.2\include\cuda_runtime_api.h(9348): warning C4819: 该文件包含不能在当前代码页(936)中表示的字符。请将该文件保存为 Unicode 格式以防止数据丢失
c:\program files\nvidia gpu computing toolkit\cuda\v10.2\include\cuda_runtime_api.h(9348): warning C4819: 该文件包含不能在当前代码页(936)中表示的字符。请将该文件保存为 Unicode 格式以防止数据丢失
c:\program files\nvidia gpu computing toolkit\cuda\v10.2\include\cuda_runtime_api.h(9348): warning C4819: 该文件包含不能在当前代码页(936)中表示的字符。请将该文件保存为 Unicode 格式以防止数据丢失
c:\program files\nvidia gpu computing toolkit\cuda\v10.2\include\cuda_runtime_api.h(9348): warning C4819: 该文件包含不能在当前代码页(936)中表示的字符。请将该文件保存为 Unicode 格式以防止数据丢失
c:\program files\nvidia gpu computing toolkit\cuda\v10.2\include\cuda_runtime_api.h(9348): warning C4819: 该文件包含不能在当前代码页(936)中表示的字符。请将该文件保存为 Unicode 格式以防止数据丢失
c:\program files\nvidia gpu computing toolkit\cuda\v10.2\include\cuda_runtime_api.h(9348): warning C4819: 该文件包含不能在当前代码页(936)中表示的字符。请将该文件保存为 Unicode 格式以防止数据丢失
c:\program files\nvidia gpu computing toolkit\cuda\v10.2\include\cuda_runtime_api.h(9348): warning C4819: 该文件包含不能在当前代码页(936)中表示的字符。请将该文件保存为 Unicode 格式以防止数据丢失
c:\program files\nvidia gpu computing toolkit\cuda\v10.2\include\sm_20_intrinsics.h : warning C4819: 该文件包含不能在当前代码页(936)中表示的字符。请将该文件保存为 Unicode 格式以防止数据丢失
c:\program files\nvidia gpu computing toolkit\cuda\v10.2\include\cuda_runtime_api.h(9348): warning C4819: 该文件包含不能在当前代码页(936)中表示的字符。请将该文件保存为 Unicode 格式以防止数据丢失
c:\program files\nvidia gpu computing toolkit\cuda\v10.2\include\sm_20_intrinsics.h(925): warning C4819: 该文件包含不能在当前代码页(936)中表示的字符。请将该文件保存为 Unicode 格式以防止数据丢失
c:\program files\nvidia gpu computing toolkit\cuda\v10.2\include\cuda_runtime_api.h(9348): warning C4819: 该文件包含不能在当前代码页(936)中表示的字符。请将该文件保存为 Unicode 格式以防止数据丢失
c:\program files\nvidia gpu computing toolkit\cuda\v10.2\include\cuda_runtime_api.h(9348): warning C4819: 该文件包含不能在当前代码页(936)中表示的字符。请将该文件保存为 Unicode 格式以防止数据丢失
c:\program files\nvidia gpu computing toolkit\cuda\v10.2\include\cuda_runtime_api.h(9348): warning C4819: 该文件包含不能在当前代码页(936)中表示的字符。请将该文件保存为 Unicode 格式以防止数据丢失
c:\program files\nvidia gpu computing toolkit\cuda\v10.2\include\cuda_runtime_api.h(9348): warning C4819: 该文件包含不能在当前代码页(936)中表示的字符。请将该文件保存为 Unicode 格式以防止数据丢失
c:\program files\nvidia gpu computing toolkit\cuda\v10.2\include\cuda_runtime_api.h(9348): warning C4819: 该文件包含不能在当前代码页(936)中表示的字符。请将该文件保存为 Unicode 格式以防止数据丢失
c:\program files\nvidia gpu computing toolkit\cuda\v10.2\include\cuda_runtime_api.h(9348): warning C4819: 该文件包含不能在当前代码页(936)中表示的字符。请将该文件保存为 Unicode 格式以防止数据丢失
c:\program files\nvidia gpu computing toolkit\cuda\v10.2\include\cuda_runtime_api.h(9348): warning C4819: 该文件包含不能在当前代码页(936)中表示的字符。请将该文件保存为 Unicode 格式以防止数据丢失
D:\opencv-4.2.0\build\install\include\opencv2/stitching/detail/warpers.hpp(213): warning : overloaded virtual function "cv::detail::PlaneWarper::buildMaps" is only partially overridden in class "cv::detail::AffineWarper"
  
D:\opencv-4.2.0\build\install\include\opencv2/stitching/detail/warpers.hpp(213): warning : overloaded virtual function "cv::detail::PlaneWarper::warp" is only partially overridden in class "cv::detail::AffineWarper"
  
D:\opencv-4.2.0\build\install\include\opencv2/stitching/detail/blenders.hpp(100): warning : overloaded virtual function "cv::detail::Blender::prepare" is only partially overridden in class "cv::detail::FeatherBlender"
  
D:\opencv-4.2.0\build\install\include\opencv2/stitching/detail/blenders.hpp(127): warning : overloaded virtual function "cv::detail::Blender::prepare" is only partially overridden in class "cv::detail::MultiBandBlender"
  
D:\opencv-4.2.0\build\install\include\opencv2/videostab/motion_stabilizing.hpp(106): warning : function "cv::videostab::IMotionStabilizer::stabilize(int, const std::vector<cv::Mat, std::allocator<cv::Mat>> &, std::pair<int, int>, cv::Mat *)" is hidden by "cv::videostab::GaussianMotionFilter::stabilize" -- virtual function override intended?
  
D:\opencv-4.2.0\build\install\include\opencv2/stitching/detail/warpers.hpp(213): warning : overloaded virtual function "cv::detail::PlaneWarper::buildMaps" is only partially overridden in class "cv::detail::AffineWarper"
  
D:\opencv-4.2.0\build\install\include\opencv2/stitching/detail/warpers.hpp(213): warning : overloaded virtual function "cv::detail::PlaneWarper::warp" is only partially overridden in class "cv::detail::AffineWarper"
  
D:\opencv-4.2.0\build\install\include\opencv2/stitching/detail/warpers.hpp(213): warning : overloaded virtual function "cv::detail::PlaneWarper::buildMaps" is only partially overridden in class "cv::detail::AffineWarper"
  
D:\opencv-4.2.0\build\install\include\opencv2/stitching/detail/warpers.hpp(213): warning : overloaded virtual function "cv::detail::PlaneWarper::warp" is only partially overridden in class "cv::detail::AffineWarper"
  
D:\opencv-4.2.0\build\install\include\opencv2/stitching/detail/blenders.hpp(100): warning : overloaded virtual function "cv::detail::Blender::prepare" is only partially overridden in class "cv::detail::FeatherBlender"
  
D:\opencv-4.2.0\build\install\include\opencv2/stitching/detail/blenders.hpp(127): warning : overloaded virtual function "cv::detail::Blender::prepare" is only partially overridden in class "cv::detail::MultiBandBlender"
  
c:\program files\nvidia gpu computing toolkit\cuda\v10.2\include\cuda_runtime_api.h(9348): warning C4819: 该文件包含不能在当前代码页(936)中表示的字符。请将该文件保存为 Unicode 格式以防止数据丢失
c:\program files\nvidia gpu computing toolkit\cuda\v10.2\include\cuda_runtime_api.h(9348): warning C4819: 该文件包含不能在当前代码页(936)中表示的字符。请将该文件保存为 Unicode 格式以防止数据丢失
c:\program files\nvidia gpu computing toolkit\cuda\v10.2\include\cuda_runtime_api.h(9348): warning C4819: 该文件包含不能在当前代码页(936)中表示的字符。请将该文件保存为 Unicode 格式以防止数据丢失
c:\program files\nvidia gpu computing toolkit\cuda\v10.2\include\cuda_runtime_api.h(9348): warning C4819: 该文件包含不能在当前代码页(936)中表示的字符。请将该文件保存为 Unicode 格式以防止数据丢失
c:\program files\nvidia gpu computing toolkit\cuda\v10.2\include\cuda_runtime_api.h(9348): warning C4819: 该文件包含不能在当前代码页(936)中表示的字符。请将该文件保存为 Unicode 格式以防止数据丢失
c:\program files\nvidia gpu computing toolkit\cuda\v10.2\include\cuda_runtime_api.h(9348): warning C4819: 该文件包含不能在当前代码页(936)中表示的字符。请将该文件保存为 Unicode 格式以防止数据丢失
c:\program files\nvidia gpu computing toolkit\cuda\v10.2\include\cuda_runtime_api.h(9348): warning C4819: 该文件包含不能在当前代码页(936)中表示的字符。请将该文件保存为 Unicode 格式以防止数据丢失
c:\program files\nvidia gpu computing toolkit\cuda\v10.2\include\cuda_runtime_api.h(9348): warning C4819: 该文件包含不能在当前代码页(936)中表示的字符。请将该文件保存为 Unicode 格式以防止数据丢失
c:\program files\nvidia gpu computing toolkit\cuda\v10.2\include\cuda_runtime_api.h(9348): warning C4819: 该文件包含不能在当前代码页(936)中表示的字符。请将该文件保存为 Unicode 格式以防止数据丢失
c:\program files\nvidia gpu computing toolkit\cuda\v10.2\include\cuda_runtime_api.h(9348): warning C4819: 该文件包含不能在当前代码页(936)中表示的字符。请将该文件保存为 Unicode 格式以防止数据丢失
c:\program files\nvidia gpu computing toolkit\cuda\v10.2\include\cuda_runtime_api.h(9348): warning C4819: 该文件包含不能在当前代码页(936)中表示的字符。请将该文件保存为 Unicode 格式以防止数据丢失
c:\program files\nvidia gpu computing toolkit\cuda\v10.2\include\sm_20_intrinsics.h : warning C4819: 该文件包含不能在当前代码页(936)中表示的字符。请将该文件保存为 Unicode 格式以防止数据丢失
c:\program files\nvidia gpu computing toolkit\cuda\v10.2\include\cuda_runtime_api.h(9348): warning C4819: 该文件包含不能在当前代码页(936)中表示的字符。请将该文件保存为 Unicode 格式以防止数据丢失
c:\program files\nvidia gpu computing toolkit\cuda\v10.2\include\sm_20_intrinsics.h(925): warning C4819: 该文件包含不能在当前代码页(936)中表示的字符。请将该文件保存为 Unicode 格式以防止数据丢失
c:\program files\nvidia gpu computing toolkit\cuda\v10.2\include\cuda_runtime_api.h(9348): warning C4819: 该文件包含不能在当前代码页(936)中表示的字符。请将该文件保存为 Unicode 格式以防止数据丢失
c:\program files\nvidia gpu computing toolkit\cuda\v10.2\include\cuda_runtime_api.h(9348): warning C4819: 该文件包含不能在当前代码页(936)中表示的字符。请将该文件保存为 Unicode 格式以防止数据丢失
c:\program files\nvidia gpu computing toolkit\cuda\v10.2\include\cuda_runtime_api.h(9348): warning C4819: 该文件包含不能在当前代码页(936)中表示的字符。请将该文件保存为 Unicode 格式以防止数据丢失
c:\program files\nvidia gpu computing toolkit\cuda\v10.2\include\cuda_runtime_api.h(9348): warning C4819: 该文件包含不能在当前代码页(936)中表示的字符。请将该文件保存为 Unicode 格式以防止数据丢失
c:\program files\nvidia gpu computing toolkit\cuda\v10.2\include\cuda_runtime_api.h(9348): warning C4819: 该文件包含不能在当前代码页(936)中表示的字符。请将该文件保存为 Unicode 格式以防止数据丢失
c:\program files\nvidia gpu computing toolkit\cuda\v10.2\include\cuda_runtime_api.h(9348): warning C4819: 该文件包含不能在当前代码页(936)中表示的字符。请将该文件保存为 Unicode 格式以防止数据丢失
c:\program files\nvidia gpu computing toolkit\cuda\v10.2\include\cuda_runtime_api.h(9348): warning C4819: 该文件包含不能在当前代码页(936)中表示的字符。请将该文件保存为 Unicode 格式以防止数据丢失
D:\opencv-4.2.0\build\install\include\opencv2/stitching/detail/blenders.hpp(100): warning : overloaded virtual function "cv::detail::Blender::prepare" is only partially overridden in class "cv::detail::FeatherBlender"
  
D:\opencv-4.2.0\build\install\include\opencv2/stitching/detail/blenders.hpp(127): warning : overloaded virtual function "cv::detail::Blender::prepare" is only partially overridden in class "cv::detail::MultiBandBlender"
  
D:\opencv-4.2.0\build\install\include\opencv2/videostab/motion_stabilizing.hpp(106): warning : function "cv::videostab::IMotionStabilizer::stabilize(int, const std::vector<cv::Mat, std::allocator<cv::Mat>> &, std::pair<int, int>, cv::Mat *)" is hidden by "cv::videostab::GaussianMotionFilter::stabilize" -- virtual function override intended?
  
D:\opencv-4.2.0\build\install\include\opencv2/videostab/motion_stabilizing.hpp(106): warning : function "cv::videostab::IMotionStabilizer::stabilize(int, const std::vector<cv::Mat, std::allocator<cv::Mat>> &, std::pair<int, int>, cv::Mat *)" is hidden by "cv::videostab::GaussianMotionFilter::stabilize" -- virtual function override intended?
  
  medianFilter.cu
c:\program files\nvidia gpu computing toolkit\cuda\v10.2\include\cuda_runtime_api.h(9348): warning C4819: 该文件包含不能在当前代码页(936)中表示的字符。请将该文件保存为 Unicode 格式以防止数据丢失
c:\program files\nvidia gpu computing toolkit\cuda\v10.2\include\cuda_runtime_api.h(9348): warning C4819: 该文件包含不能在当前代码页(936)中表示的字符。请将该文件保存为 Unicode 格式以防止数据丢失
c:\program files\nvidia gpu computing toolkit\cuda\v10.2\include\cuda_runtime_api.h(9348): warning C4819: 该文件包含不能在当前代码页(936)中表示的字符。请将该文件保存为 Unicode 格式以防止数据丢失
c:\program files\nvidia gpu computing toolkit\cuda\v10.2\include\cuda_runtime_api.h(9348): warning C4819: 该文件包含不能在当前代码页(936)中表示的字符。请将该文件保存为 Unicode 格式以防止数据丢失
c:\program files\nvidia gpu computing toolkit\cuda\v10.2\include\cuda_runtime_api.h(9348): warning C4819: 该文件包含不能在当前代码页(936)中表示的字符。请将该文件保存为 Unicode 格式以防止数据丢失
c:\program files\nvidia gpu computing toolkit\cuda\v10.2\include\cuda_runtime_api.h(9348): warning C4819: 该文件包含不能在当前代码页(936)中表示的字符。请将该文件保存为 Unicode 格式以防止数据丢失
c:\program files\nvidia gpu computing toolkit\cuda\v10.2\include\cuda_runtime_api.h(9348): warning C4819: 该文件包含不能在当前代码页(936)中表示的字符。请将该文件保存为 Unicode 格式以防止数据丢失
c:\program files\nvidia gpu computing toolkit\cuda\v10.2\include\cuda_runtime_api.h(9348): warning C4819: 该文件包含不能在当前代码页(936)中表示的字符。请将该文件保存为 Unicode 格式以防止数据丢失
c:\program files\nvidia gpu computing toolkit\cuda\v10.2\include\cuda_runtime_api.h(9348): warning C4819: 该文件包含不能在当前代码页(936)中表示的字符。请将该文件保存为 Unicode 格式以防止数据丢失
c:\program files\nvidia gpu computing toolkit\cuda\v10.2\include\cuda_runtime_api.h(9348): warning C4819: 该文件包含不能在当前代码页(936)中表示的字符。请将该文件保存为 Unicode 格式以防止数据丢失
c:\program files\nvidia gpu computing toolkit\cuda\v10.2\include\cuda_runtime_api.h(9348): warning C4819: 该文件包含不能在当前代码页(936)中表示的字符。请将该文件保存为 Unicode 格式以防止数据丢失
c:\program files\nvidia gpu computing toolkit\cuda\v10.2\include\sm_20_intrinsics.h : warning C4819: 该文件包含不能在当前代码页(936)中表示的字符。请将该文件保存为 Unicode 格式以防止数据丢失
c:\program files\nvidia gpu computing toolkit\cuda\v10.2\include\cuda_runtime_api.h(9348): warning C4819: 该文件包含不能在当前代码页(936)中表示的字符。请将该文件保存为 Unicode 格式以防止数据丢失
c:\program files\nvidia gpu computing toolkit\cuda\v10.2\include\sm_20_intrinsics.h(925): warning C4819: 该文件包含不能在当前代码页(936)中表示的字符。请将该文件保存为 Unicode 格式以防止数据丢失
c:\program files\nvidia gpu computing toolkit\cuda\v10.2\include\cuda_runtime_api.h(9348): warning C4819: 该文件包含不能在当前代码页(936)中表示的字符。请将该文件保存为 Unicode 格式以防止数据丢失
c:\program files\nvidia gpu computing toolkit\cuda\v10.2\include\cuda_runtime_api.h(9348): warning C4819: 该文件包含不能在当前代码页(936)中表示的字符。请将该文件保存为 Unicode 格式以防止数据丢失
c:\program files\nvidia gpu computing toolkit\cuda\v10.2\include\cuda_runtime_api.h(9348): warning C4819: 该文件包含不能在当前代码页(936)中表示的字符。请将该文件保存为 Unicode 格式以防止数据丢失
c:\program files\nvidia gpu computing toolkit\cuda\v10.2\include\cuda_runtime_api.h(9348): warning C4819: 该文件包含不能在当前代码页(936)中表示的字符。请将该文件保存为 Unicode 格式以防止数据丢失
c:\program files\nvidia gpu computing toolkit\cuda\v10.2\include\cuda_runtime_api.h(9348): warning C4819: 该文件包含不能在当前代码页(936)中表示的字符。请将该文件保存为 Unicode 格式以防止数据丢失
c:\program files\nvidia gpu computing toolkit\cuda\v10.2\include\cuda_runtime_api.h(9348): warning C4819: 该文件包含不能在当前代码页(936)中表示的字符。请将该文件保存为 Unicode 格式以防止数据丢失
c:\program files\nvidia gpu computing toolkit\cuda\v10.2\include\cuda_runtime_api.h(9348): warning C4819: 该文件包含不能在当前代码页(936)中表示的字符。请将该文件保存为 Unicode 格式以防止数据丢失
c:\program files\nvidia gpu computing toolkit\cuda\v10.2\include\cuda_runtime_api.h(9348): warning C4819: 该文件包含不能在当前代码页(936)中表示的字符。请将该文件保存为 Unicode 格式以防止数据丢失
c:\program files\nvidia gpu computing toolkit\cuda\v10.2\include\cuda_runtime_api.h(9348): warning C4819: 该文件包含不能在当前代码页(936)中表示的字符。请将该文件保存为 Unicode 格式以防止数据丢失
c:\program files\nvidia gpu computing toolkit\cuda\v10.2\include\cuda_runtime_api.h(9348): warning C4819: 该文件包含不能在当前代码页(936)中表示的字符。请将该文件保存为 Unicode 格式以防止数据丢失
c:\program files\nvidia gpu computing toolkit\cuda\v10.2\include\cuda_runtime_api.h(9348): warning C4819: 该文件包含不能在当前代码页(936)中表示的字符。请将该文件保存为 Unicode 格式以防止数据丢失
c:\program files\nvidia gpu computing toolkit\cuda\v10.2\include\cuda_runtime_api.h(9348): warning C4819: 该文件包含不能在当前代码页(936)中表示的字符。请将该文件保存为 Unicode 格式以防止数据丢失
c:\program files\nvidia gpu computing toolkit\cuda\v10.2\include\cuda_runtime_api.h(9348): warning C4819: 该文件包含不能在当前代码页(936)中表示的字符。请将该文件保存为 Unicode 格式以防止数据丢失
c:\program files\nvidia gpu computing toolkit\cuda\v10.2\include\cuda_runtime_api.h(9348): warning C4819: 该文件包含不能在当前代码页(936)中表示的字符。请将该文件保存为 Unicode 格式以防止数据丢失
c:\program files\nvidia gpu computing toolkit\cuda\v10.2\include\cuda_runtime_api.h(9348): warning C4819: 该文件包含不能在当前代码页(936)中表示的字符。请将该文件保存为 Unicode 格式以防止数据丢失
c:\program files\nvidia gpu computing toolkit\cuda\v10.2\include\cuda_runtime_api.h(9348): warning C4819: 该文件包含不能在当前代码页(936)中表示的字符。请将该文件保存为 Unicode 格式以防止数据丢失
c:\program files\nvidia gpu computing toolkit\cuda\v10.2\include\cuda_runtime_api.h(9348): warning C4819: 该文件包含不能在当前代码页(936)中表示的字符。请将该文件保存为 Unicode 格式以防止数据丢失
c:\program files\nvidia gpu computing toolkit\cuda\v10.2\include\cuda_runtime_api.h(9348): warning C4819: 该文件包含不能在当前代码页(936)中表示的字符。请将该文件保存为 Unicode 格式以防止数据丢失
c:\program files\nvidia gpu computing toolkit\cuda\v10.2\include\sm_20_intrinsics.h : warning C4819: 该文件包含不能在当前代码页(936)中表示的字符。请将该文件保存为 Unicode 格式以防止数据丢失
c:\program files\nvidia gpu computing toolkit\cuda\v10.2\include\cuda_runtime_api.h(9348): warning C4819: 该文件包含不能在当前代码页(936)中表示的字符。请将该文件保存为 Unicode 格式以防止数据丢失
c:\program files\nvidia gpu computing toolkit\cuda\v10.2\include\sm_20_intrinsics.h(925): warning C4819: 该文件包含不能在当前代码页(936)中表示的字符。请将该文件保存为 Unicode 格式以防止数据丢失
c:\program files\nvidia gpu computing toolkit\cuda\v10.2\include\cuda_runtime_api.h(9348): warning C4819: 该文件包含不能在当前代码页(936)中表示的字符。请将该文件保存为 Unicode 格式以防止数据丢失
c:\program files\nvidia gpu computing toolkit\cuda\v10.2\include\cuda_runtime_api.h(9348): warning C4819: 该文件包含不能在当前代码页(936)中表示的字符。请将该文件保存为 Unicode 格式以防止数据丢失
c:\program files\nvidia gpu computing toolkit\cuda\v10.2\include\cuda_runtime_api.h(9348): warning C4819: 该文件包含不能在当前代码页(936)中表示的字符。请将该文件保存为 Unicode 格式以防止数据丢失
c:\program files\nvidia gpu computing toolkit\cuda\v10.2\include\cuda_runtime_api.h(9348): warning C4819: 该文件包含不能在当前代码页(936)中表示的字符。请将该文件保存为 Unicode 格式以防止数据丢失
c:\program files\nvidia gpu computing toolkit\cuda\v10.2\include\cuda_runtime_api.h(9348): warning C4819: 该文件包含不能在当前代码页(936)中表示的字符。请将该文件保存为 Unicode 格式以防止数据丢失
c:\program files\nvidia gpu computing toolkit\cuda\v10.2\include\cuda_runtime_api.h(9348): warning C4819: 该文件包含不能在当前代码页(936)中表示的字符。请将该文件保存为 Unicode 格式以防止数据丢失
c:\program files\nvidia gpu computing toolkit\cuda\v10.2\include\cuda_runtime_api.h(9348): warning C4819: 该文件包含不能在当前代码页(936)中表示的字符。请将该文件保存为 Unicode 格式以防止数据丢失
c:\program files\nvidia gpu computing toolkit\cuda\v10.2\include\cuda_runtime_api.h(9348): warning C4819: 该文件包含不能在当前代码页(936)中表示的字符。请将该文件保存为 Unicode 格式以防止数据丢失
c:\program files\nvidia gpu computing toolkit\cuda\v10.2\include\cuda_runtime_api.h(9348): warning C4819: 该文件包含不能在当前代码页(936)中表示的字符。请将该文件保存为 Unicode 格式以防止数据丢失
c:\program files\nvidia gpu computing toolkit\cuda\v10.2\include\cuda_runtime_api.h(9348): warning C4819: 该文件包含不能在当前代码页(936)中表示的字符。请将该文件保存为 Unicode 格式以防止数据丢失
c:\program files\nvidia gpu computing toolkit\cuda\v10.2\include\cuda_runtime_api.h(9348): warning C4819: 该文件包含不能在当前代码页(936)中表示的字符。请将该文件保存为 Unicode 格式以防止数据丢失
c:\program files\nvidia gpu computing toolkit\cuda\v10.2\include\cuda_runtime_api.h(9348): warning C4819: 该文件包含不能在当前代码页(936)中表示的字符。请将该文件保存为 Unicode 格式以防止数据丢失
c:\program files\nvidia gpu computing toolkit\cuda\v10.2\include\cuda_runtime_api.h(9348): warning C4819: 该文件包含不能在当前代码页(936)中表示的字符。请将该文件保存为 Unicode 格式以防止数据丢失
c:\program files\nvidia gpu computing toolkit\cuda\v10.2\include\cuda_runtime_api.h(9348): warning C4819: 该文件包含不能在当前代码页(936)中表示的字符。请将该文件保存为 Unicode 格式以防止数据丢失
c:\program files\nvidia gpu computing toolkit\cuda\v10.2\include\cuda_runtime_api.h(9348): warning C4819: 该文件包含不能在当前代码页(936)中表示的字符。请将该文件保存为 Unicode 格式以防止数据丢失
c:\program files\nvidia gpu computing toolkit\cuda\v10.2\include\cuda_runtime_api.h(9348): warning C4819: 该文件包含不能在当前代码页(936)中表示的字符。请将该文件保存为 Unicode 格式以防止数据丢失
c:\program files\nvidia gpu computing toolkit\cuda\v10.2\include\cuda_runtime_api.h(9348): warning C4819: 该文件包含不能在当前代码页(936)中表示的字符。请将该文件保存为 Unicode 格式以防止数据丢失
c:\program files\nvidia gpu computing toolkit\cuda\v10.2\include\cuda_runtime_api.h(9348): warning C4819: 该文件包含不能在当前代码页(936)中表示的字符。请将该文件保存为 Unicode 格式以防止数据丢失
c:\program files\nvidia gpu computing toolkit\cuda\v10.2\include\sm_20_intrinsics.h : warning C4819: 该文件包含不能在当前代码页(936)中表示的字符。请将该文件保存为 Unicode 格式以防止数据丢失
c:\program files\nvidia gpu computing toolkit\cuda\v10.2\include\cuda_runtime_api.h(9348): warning C4819: 该文件包含不能在当前代码页(936)中表示的字符。请将该文件保存为 Unicode 格式以防止数据丢失
c:\program files\nvidia gpu computing toolkit\cuda\v10.2\include\sm_20_intrinsics.h(925): warning C4819: 该文件包含不能在当前代码页(936)中表示的字符。请将该文件保存为 Unicode 格式以防止数据丢失
c:\program files\nvidia gpu computing toolkit\cuda\v10.2\include\cuda_runtime_api.h(9348): warning C4819: 该文件包含不能在当前代码页(936)中表示的字符。请将该文件保存为 Unicode 格式以防止数据丢失
c:\program files\nvidia gpu computing toolkit\cuda\v10.2\include\cuda_runtime_api.h(9348): warning C4819: 该文件包含不能在当前代码页(936)中表示的字符。请将该文件保存为 Unicode 格式以防止数据丢失
c:\program files\nvidia gpu computing toolkit\cuda\v10.2\include\cuda_runtime_api.h(9348): warning C4819: 该文件包含不能在当前代码页(936)中表示的字符。请将该文件保存为 Unicode 格式以防止数据丢失
c:\program files\nvidia gpu computing toolkit\cuda\v10.2\include\cuda_runtime_api.h(9348): warning C4819: 该文件包含不能在当前代码页(936)中表示的字符。请将该文件保存为 Unicode 格式以防止数据丢失
c:\program files\nvidia gpu computing toolkit\cuda\v10.2\include\cuda_runtime_api.h(9348): warning C4819: 该文件包含不能在当前代码页(936)中表示的字符。请将该文件保存为 Unicode 格式以防止数据丢失
c:\program files\nvidia gpu computing toolkit\cuda\v10.2\include\cuda_runtime_api.h(9348): warning C4819: 该文件包含不能在当前代码页(936)中表示的字符。请将该文件保存为 Unicode 格式以防止数据丢失
c:\program files\nvidia gpu computing toolkit\cuda\v10.2\include\cuda_runtime_api.h(9348): warning C4819: 该文件包含不能在当前代码页(936)中表示的字符。请将该文件保存为 Unicode 格式以防止数据丢失
D:\opencv-4.2.0\build\install\include\opencv2/stitching/detail/warpers.hpp(213): warning : overloaded virtual function "cv::detail::PlaneWarper::buildMaps" is only partially overridden in class "cv::detail::AffineWarper"
  
D:\opencv-4.2.0\build\install\include\opencv2/stitching/detail/warpers.hpp(213): warning : overloaded virtual function "cv::detail::PlaneWarper::warp" is only partially overridden in class "cv::detail::AffineWarper"
  
D:\opencv-4.2.0\build\install\include\opencv2/stitching/detail/blenders.hpp(100): warning : overloaded virtual function "cv::detail::Blender::prepare" is only partially overridden in class "cv::detail::FeatherBlender"
  
D:\opencv-4.2.0\build\install\include\opencv2/stitching/detail/blenders.hpp(127): warning : overloaded virtual function "cv::detail::Blender::prepare" is only partially overridden in class "cv::detail::MultiBandBlender"
  
D:\opencv-4.2.0\build\install\include\opencv2/videostab/motion_stabilizing.hpp(106): warning : function "cv::videostab::IMotionStabilizer::stabilize(int, const std::vector<cv::Mat, std::allocator<cv::Mat>> &, std::pair<int, int>, cv::Mat *)" is hidden by "cv::videostab::GaussianMotionFilter::stabilize" -- virtual function override intended?
  
D:\opencv-4.2.0\build\install\include\opencv2/stitching/detail/warpers.hpp(213): warning : overloaded virtual function "cv::detail::PlaneWarper::buildMaps" is only partially overridden in class "cv::detail::AffineWarper"
  
D:\opencv-4.2.0\build\install\include\opencv2/stitching/detail/warpers.hpp(213): warning : overloaded virtual function "cv::detail::PlaneWarper::warp" is only partially overridden in class "cv::detail::AffineWarper"
  
D:\opencv-4.2.0\build\install\include\opencv2/stitching/detail/blenders.hpp(100): warning : overloaded virtual function "cv::detail::Blender::prepare" is only partially overridden in class "cv::detail::FeatherBlender"
  
D:\opencv-4.2.0\build\install\include\opencv2/stitching/detail/blenders.hpp(127): warning : overloaded virtual function "cv::detail::Blender::prepare" is only partially overridden in class "cv::detail::MultiBandBlender"
  
D:\opencv-4.2.0\build\install\include\opencv2/stitching/detail/warpers.hpp(213): warning : overloaded virtual function "cv::detail::PlaneWarper::buildMaps" is only partially overridden in class "cv::detail::AffineWarper"
  
D:\opencv-4.2.0\build\install\include\opencv2/stitching/detail/warpers.hpp(213): warning : overloaded virtual function "cv::detail::PlaneWarper::warp" is only partially overridden in class "cv::detail::AffineWarper"
  
D:\opencv-4.2.0\build\install\include\opencv2/videostab/motion_stabilizing.hpp(106): warning : function "cv::videostab::IMotionStabilizer::stabilize(int, const std::vector<cv::Mat, std::allocator<cv::Mat>> &, std::pair<int, int>, cv::Mat *)" is hidden by "cv::videostab::GaussianMotionFilter::stabilize" -- virtual function override intended?
  
D:\opencv-4.2.0\build\install\include\opencv2/stitching/detail/blenders.hpp(100): warning : overloaded virtual function "cv::detail::Blender::prepare" is only partially overridden in class "cv::detail::FeatherBlender"
  
D:\opencv-4.2.0\build\install\include\opencv2/stitching/detail/blenders.hpp(127): warning : overloaded virtual function "cv::detail::Blender::prepare" is only partially overridden in class "cv::detail::MultiBandBlender"
  
D:\opencv-4.2.0\build\install\include\opencv2/videostab/motion_stabilizing.hpp(106): warning : function "cv::videostab::IMotionStabilizer::stabilize(int, const std::vector<cv::Mat, std::allocator<cv::Mat>> &, std::pair<int, int>, cv::Mat *)" is hidden by "cv::videostab::GaussianMotionFilter::stabilize" -- virtual function override intended?
  
  fourierTrans.cu
  resize.cu
  rotate.cu
E:/vs-worksplace/ExperimentImg/ExperimentImg/fourierTrans.cu(59): warning C4267: “初始化”: 从“size_t”转换到“int”，可能丢失数据
E:/vs-worksplace/ExperimentImg/ExperimentImg/fourierTrans.cu(60): warning C4267: “初始化”: 从“size_t”转换到“int”，可能丢失数据
E:/vs-worksplace/ExperimentImg/ExperimentImg/resize.cu(68): warning C4267: “初始化”: 从“size_t”转换到“int”，可能丢失数据
E:/vs-worksplace/ExperimentImg/ExperimentImg/resize.cu(69): warning C4267: “初始化”: 从“size_t”转换到“int”，可能丢失数据
E:/vs-worksplace/ExperimentImg/ExperimentImg/rotate.cu(80): warning C4267: “初始化”: 从“size_t”转换到“int”，可能丢失数据
E:/vs-worksplace/ExperimentImg/ExperimentImg/rotate.cu(81): warning C4267: “初始化”: 从“size_t”转换到“int”，可能丢失数据
  stdafx.cpp
  ExperimentImg.cpp
  ExperimentImgDlg.cpp
e:\vs-worksplace\experimentimg\experimentimg\experimentimgdlg.cpp(75): warning C4244: “参数”: 从“time_t”转换到“unsigned int”，可能丢失数据
e:\vs-worksplace\experimentimg\experimentimg\experimentimgdlg.cpp(242): warning C4244: “参数”: 从“float”转换到“int”，可能丢失数据
e:\vs-worksplace\experimentimg\experimentimg\experimentimgdlg.cpp(295): warning C4244: “参数”: 从“float”转换到“int”，可能丢失数据
e:\vs-worksplace\experimentimg\experimentimg\experimentimgdlg.cpp(930): warning C4244: “初始化”: 从“double”转换到“int”，可能丢失数据
e:\vs-worksplace\experimentimg\experimentimg\experimentimgdlg.cpp(950): warning C4244: “初始化”: 从“double”转换到“int”，可能丢失数据
e:\vs-worksplace\experimentimg\experimentimg\experimentimgdlg.cpp(971): warning C4244: “初始化”: 从“double”转换到“int”，可能丢失数据
  ImageProcess.cpp
e:\vs-worksplace\experimentimg\experimentimg\imageprocess.cpp(266): warning C4244: “初始化”: 从“double”转换到“float”，可能丢失数据
e:\vs-worksplace\experimentimg\experimentimg\imageprocess.cpp(267): warning C4244: “初始化”: 从“double”转换到“float”，可能丢失数据
e:\vs-worksplace\experimentimg\experimentimg\imageprocess.cpp(309): warning C4244: “初始化”: 从“int”转换到“float”，可能丢失数据
e:\vs-worksplace\experimentimg\experimentimg\imageprocess.cpp(310): warning C4244: “初始化”: 从“int”转换到“float”，可能丢失数据
e:\vs-worksplace\experimentimg\experimentimg\imageprocess.cpp(378): warning C4244: “=”: 从“double”转换到“_Tp”，可能丢失数据
          with
          [
              _Tp=uchar
          ]
e:\vs-worksplace\experimentimg\experimentimg\imageprocess.cpp(399): warning C4244: “初始化”: 从“double”转换到“int”，可能丢失数据
e:\vs-worksplace\experimentimg\experimentimg\imageprocess.cpp(402): warning C4244: “初始化”: 从“double”转换到“int”，可能丢失数据
e:\vs-worksplace\experimentimg\experimentimg\imageprocess.cpp(405): warning C4244: “初始化”: 从“double”转换到“int”，可能丢失数据
e:\vs-worksplace\experimentimg\experimentimg\imageprocess.cpp(570): warning C4244: “=”: 从“double”转换到“_Tp”，可能丢失数据
          with
          [
              _Tp=uchar
          ]
e:\vs-worksplace\experimentimg\experimentimg\imageprocess.cpp(680): warning C4244: “=”: 从“double”转换到“_Tp”，可能丢失数据
          with
          [
              _Tp=uchar
          ]
e:\vs-worksplace\experimentimg\experimentimg\imageprocess.cpp(681): warning C4244: “=”: 从“double”转换到“_Tp”，可能丢失数据
          with
          [
              _Tp=uchar
          ]
e:\vs-worksplace\experimentimg\experimentimg\imageprocess.cpp(682): warning C4244: “=”: 从“double”转换到“_Tp”，可能丢失数据
          with
          [
              _Tp=uchar
          ]
  正在生成代码...
  ExperimentImg.vcxproj -> E:\vs-worksplace\ExperimentImg\x64\Debug\ExperimentImg.exe
